[2025-12-14T13:38:05.265Z] ERROR: Expected double-quoted property name in JSON at position 76 (line 5 column 1)
URL: PUT /api/products/5
Stack:
SyntaxError: Expected double-quoted property name in JSON at position 76 (line 5 column 1)
    at JSON.parse (<anonymous>)
    at parse (D:\Dulguun\ecommerce-backend\node_modules\body-parser\lib\types\json.js:74:19)
    at D:\Dulguun\ecommerce-backend\node_modules\body-parser\lib\read.js:163:18
    at AsyncResource.runInAsyncScope (node:async_hooks:214:14)
    at invokeCallback (D:\Dulguun\ecommerce-backend\node_modules\raw-body\index.js:238:16)
    at done (D:\Dulguun\ecommerce-backend\node_modules\raw-body\index.js:227:7)
    at IncomingMessage.onEnd (D:\Dulguun\ecommerce-backend\node_modules\raw-body\index.js:287:7)
    at IncomingMessage.emit (node:events:508:28)
    at endReadableNT (node:internal/streams/readable:1701:12)
    at process.processTicksAndRejections (node:internal/process/task_queues:90:21)

[2025-12-14T13:54:27.294Z] Error: This is a test error to create the logs folder!
User ID: Guest
URL: GET /force-error
Stack:
Error: This is a test error to create the logs folder!
    at D:\Dulguun\ecommerce-backend\server.js:24:19
    at Layer.handleRequest (D:\Dulguun\ecommerce-backend\node_modules\router\lib\layer.js:152:17)
    at next (D:\Dulguun\ecommerce-backend\node_modules\router\lib\route.js:157:13)
    at Route.dispatch (D:\Dulguun\ecommerce-backend\node_modules\router\lib\route.js:117:3)
    at handle (D:\Dulguun\ecommerce-backend\node_modules\router\index.js:435:11)
    at Layer.handleRequest (D:\Dulguun\ecommerce-backend\node_modules\router\lib\layer.js:152:17)
    at D:\Dulguun\ecommerce-backend\node_modules\router\index.js:295:15
    at processParams (D:\Dulguun\ecommerce-backend\node_modules\router\index.js:582:12)
    at next (D:\Dulguun\ecommerce-backend\node_modules\router\index.js:291:5)
    at internalNext (D:\Dulguun\ecommerce-backend\node_modules\helmet\index.cjs:531:6)

